0 info it worked if it ends with ok
1 verbose cli [ '/usr/local/bin/node', '/usr/local/bin/npm', 'install' ]
2 info using npm@3.10.3
3 info using node@v6.4.0
4 silly loadCurrentTree Starting
5 silly install loadCurrentTree
6 silly install readLocalPackageData
7 silly install normalizeTree
8 silly loadCurrentTree Finishing
9 silly loadIdealTree Starting
10 silly install loadIdealTree
11 silly cloneCurrentTree Starting
12 silly install cloneCurrentTreeToIdealTree
13 silly cloneCurrentTree Finishing
14 silly loadShrinkwrap Starting
15 silly install loadShrinkwrap
16 silly loadShrinkwrap Finishing
17 silly loadAllDepsIntoIdealTree Starting
18 silly install loadAllDepsIntoIdealTree
19 silly fetchNamedPackageData webpack-dev-server
20 silly mapToRegistry name webpack-dev-server
21 silly mapToRegistry using default registry
22 silly mapToRegistry registry https://registry.npmjs.org/
23 silly mapToRegistry data Result {
23 silly mapToRegistry   raw: 'webpack-dev-server',
23 silly mapToRegistry   scope: null,
23 silly mapToRegistry   escapedName: 'webpack-dev-server',
23 silly mapToRegistry   name: 'webpack-dev-server',
23 silly mapToRegistry   rawSpec: '',
23 silly mapToRegistry   spec: 'latest',
23 silly mapToRegistry   type: 'tag' }
24 silly mapToRegistry uri https://registry.npmjs.org/webpack-dev-server
25 verbose request uri https://registry.npmjs.org/webpack-dev-server
26 verbose request no auth needed
27 info attempt registry request try #1 at 9:16:05 AM
28 verbose request id 8d51212ae9a9cc61
29 verbose etag W/"5829a0d4-243c9"
30 verbose lastModified Mon, 14 Nov 2016 11:32:36 GMT
31 http request GET https://registry.npmjs.org/webpack-dev-server
32 http 200 https://registry.npmjs.org/webpack-dev-server
33 verbose headers { server: 'nginx/1.10.1',
33 verbose headers   'content-type': 'application/json',
33 verbose headers   'last-modified': 'Fri, 25 Nov 2016 09:47:39 GMT',
33 verbose headers   etag: 'W/"583808bb-24f4a"',
33 verbose headers   'content-encoding': 'gzip',
33 verbose headers   'cache-control': 'max-age=300',
33 verbose headers   'content-length': '10867',
33 verbose headers   'accept-ranges': 'bytes',
33 verbose headers   date: 'Sat, 26 Nov 2016 17:16:05 GMT',
33 verbose headers   via: '1.1 varnish',
33 verbose headers   age: '177',
33 verbose headers   connection: 'keep-alive',
33 verbose headers   'x-served-by': 'cache-sea1925-SEA',
33 verbose headers   'x-cache': 'HIT',
33 verbose headers   'x-cache-hits': '1',
33 verbose headers   'x-timer': 'S1480180565.503578,VS0,VE0',
33 verbose headers   vary: 'Accept-Encoding' }
34 silly get cb [ 200,
34 silly get   { server: 'nginx/1.10.1',
34 silly get     'content-type': 'application/json',
34 silly get     'last-modified': 'Fri, 25 Nov 2016 09:47:39 GMT',
34 silly get     etag: 'W/"583808bb-24f4a"',
34 silly get     'content-encoding': 'gzip',
34 silly get     'cache-control': 'max-age=300',
34 silly get     'content-length': '10867',
34 silly get     'accept-ranges': 'bytes',
34 silly get     date: 'Sat, 26 Nov 2016 17:16:05 GMT',
34 silly get     via: '1.1 varnish',
34 silly get     age: '177',
34 silly get     connection: 'keep-alive',
34 silly get     'x-served-by': 'cache-sea1925-SEA',
34 silly get     'x-cache': 'HIT',
34 silly get     'x-cache-hits': '1',
34 silly get     'x-timer': 'S1480180565.503578,VS0,VE0',
34 silly get     vary: 'Accept-Encoding' } ]
35 verbose get saving webpack-dev-server to /Users/brettmacdonald/.npm/registry.npmjs.org/webpack-dev-server/.cache.json
36 verbose correctMkdir /Users/brettmacdonald/.npm correctMkdir not in flight; initializing
37 silly fetchPackageMetaData Error: No compatible version found: webpack-dev-server@2.1.0-beta.20
37 silly fetchPackageMetaData Valid install targets:
37 silly fetchPackageMetaData 2.1.0-beta.12, 2.1.0-beta.11, 2.1.0-beta.10, 2.1.0-beta.9, 2.1.0-beta.8, 2.1.0-beta.7, 2.1.0-beta.6, 2.1.0-beta.5, 2.1.0-beta.4, 2.1.0-beta.3, 2.1.0-beta.2, 2.1.0-beta.1, 2.1.0-beta.0, 2.0.0-beta, 1.16.2, 1.16.1, 1.16.0, 1.15.2, 1.15.1, 1.15.0, 1.14.1, 1.14.0, 1.13.0, 1.12.1, 1.12.0, 1.11.0, 1.10.1, 1.10.0, 1.9.0, 1.8.2, 1.8.1, 1.8.0, 1.7.0, 1.6.6, 1.6.5, 1.6.4, 1.6.3, 1.6.2, 1.6.1, 1.6.0, 1.5.0, 1.4.10, 1.4.9, 1.4.7, 1.4.6, 1.4.5, 1.4.4, 1.4.3, 1.4.2, 1.4.1, 1.4.0, 1.3.2, 1.3.1, 1.3.0, 1.2.9, 1.2.8, 1.2.7, 1.2.6, 1.2.5, 1.2.4, 1.2.3, 1.2.2, 1.2.1, 1.2.0, 1.1.0, 1.0.2, 1.0.1, 1.0.0, 0.11.1, 0.11.0, 0.10.1, 0.10.0, 0.9.4, 0.9.3, 0.9.2, 0.9.1, 0.9.0, 0.8.2, 0.8.1, 0.8.0, 0.7.2, 0.7.1, 0.7.0, 0.6.2, 0.6.1, 0.6.0
37 silly fetchPackageMetaData
37 silly fetchPackageMetaData     at pickVersionFromRegistryDocument (/usr/local/lib/node_modules/npm/lib/fetch-package-metadata.js:170:16)
37 silly fetchPackageMetaData     at /usr/local/lib/node_modules/npm/node_modules/iferr/index.js:13:50
37 silly fetchPackageMetaData     at /usr/local/lib/node_modules/npm/lib/utils/pulse-till-done.js:20:8
37 silly fetchPackageMetaData     at saved (/usr/local/lib/node_modules/npm/lib/cache/caching-client.js:174:7)
37 silly fetchPackageMetaData     at /usr/local/lib/node_modules/npm/node_modules/graceful-fs/polyfills.js:210:7
37 silly fetchPackageMetaData     at FSReqWrap.oncomplete (fs.js:123:15)
37 silly fetchPackageMetaData  error for webpack-dev-server@2.1.0-beta.20 Error: No compatible version found: webpack-dev-server@2.1.0-beta.20
37 silly fetchPackageMetaData Valid install targets:
37 silly fetchPackageMetaData 2.1.0-beta.12, 2.1.0-beta.11, 2.1.0-beta.10, 2.1.0-beta.9, 2.1.0-beta.8, 2.1.0-beta.7, 2.1.0-beta.6, 2.1.0-beta.5, 2.1.0-beta.4, 2.1.0-beta.3, 2.1.0-beta.2, 2.1.0-beta.1, 2.1.0-beta.0, 2.0.0-beta, 1.16.2, 1.16.1, 1.16.0, 1.15.2, 1.15.1, 1.15.0, 1.14.1, 1.14.0, 1.13.0, 1.12.1, 1.12.0, 1.11.0, 1.10.1, 1.10.0, 1.9.0, 1.8.2, 1.8.1, 1.8.0, 1.7.0, 1.6.6, 1.6.5, 1.6.4, 1.6.3, 1.6.2, 1.6.1, 1.6.0, 1.5.0, 1.4.10, 1.4.9, 1.4.7, 1.4.6, 1.4.5, 1.4.4, 1.4.3, 1.4.2, 1.4.1, 1.4.0, 1.3.2, 1.3.1, 1.3.0, 1.2.9, 1.2.8, 1.2.7, 1.2.6, 1.2.5, 1.2.4, 1.2.3, 1.2.2, 1.2.1, 1.2.0, 1.1.0, 1.0.2, 1.0.1, 1.0.0, 0.11.1, 0.11.0, 0.10.1, 0.10.0, 0.9.4, 0.9.3, 0.9.2, 0.9.1, 0.9.0, 0.8.2, 0.8.1, 0.8.0, 0.7.2, 0.7.1, 0.7.0, 0.6.2, 0.6.1, 0.6.0
37 silly fetchPackageMetaData
37 silly fetchPackageMetaData     at pickVersionFromRegistryDocument (/usr/local/lib/node_modules/npm/lib/fetch-package-metadata.js:170:16)
37 silly fetchPackageMetaData     at /usr/local/lib/node_modules/npm/node_modules/iferr/index.js:13:50
37 silly fetchPackageMetaData     at /usr/local/lib/node_modules/npm/lib/utils/pulse-till-done.js:20:8
37 silly fetchPackageMetaData     at saved (/usr/local/lib/node_modules/npm/lib/cache/caching-client.js:174:7)
37 silly fetchPackageMetaData     at /usr/local/lib/node_modules/npm/node_modules/graceful-fs/polyfills.js:210:7
37 silly fetchPackageMetaData     at FSReqWrap.oncomplete (fs.js:123:15)
38 silly rollbackFailedOptional Starting
39 silly rollbackFailedOptional Finishing
40 silly runTopLevelLifecycles Starting
41 silly runTopLevelLifecycles Finishing
42 silly install printInstalled
43 verbose stack Error: No compatible version found: webpack-dev-server@2.1.0-beta.20
43 verbose stack Valid install targets:
43 verbose stack 2.1.0-beta.12, 2.1.0-beta.11, 2.1.0-beta.10, 2.1.0-beta.9, 2.1.0-beta.8, 2.1.0-beta.7, 2.1.0-beta.6, 2.1.0-beta.5, 2.1.0-beta.4, 2.1.0-beta.3, 2.1.0-beta.2, 2.1.0-beta.1, 2.1.0-beta.0, 2.0.0-beta, 1.16.2, 1.16.1, 1.16.0, 1.15.2, 1.15.1, 1.15.0, 1.14.1, 1.14.0, 1.13.0, 1.12.1, 1.12.0, 1.11.0, 1.10.1, 1.10.0, 1.9.0, 1.8.2, 1.8.1, 1.8.0, 1.7.0, 1.6.6, 1.6.5, 1.6.4, 1.6.3, 1.6.2, 1.6.1, 1.6.0, 1.5.0, 1.4.10, 1.4.9, 1.4.7, 1.4.6, 1.4.5, 1.4.4, 1.4.3, 1.4.2, 1.4.1, 1.4.0, 1.3.2, 1.3.1, 1.3.0, 1.2.9, 1.2.8, 1.2.7, 1.2.6, 1.2.5, 1.2.4, 1.2.3, 1.2.2, 1.2.1, 1.2.0, 1.1.0, 1.0.2, 1.0.1, 1.0.0, 0.11.1, 0.11.0, 0.10.1, 0.10.0, 0.9.4, 0.9.3, 0.9.2, 0.9.1, 0.9.0, 0.8.2, 0.8.1, 0.8.0, 0.7.2, 0.7.1, 0.7.0, 0.6.2, 0.6.1, 0.6.0
43 verbose stack
43 verbose stack     at pickVersionFromRegistryDocument (/usr/local/lib/node_modules/npm/lib/fetch-package-metadata.js:170:16)
43 verbose stack     at /usr/local/lib/node_modules/npm/node_modules/iferr/index.js:13:50
43 verbose stack     at /usr/local/lib/node_modules/npm/lib/utils/pulse-till-done.js:20:8
43 verbose stack     at saved (/usr/local/lib/node_modules/npm/lib/cache/caching-client.js:174:7)
43 verbose stack     at /usr/local/lib/node_modules/npm/node_modules/graceful-fs/polyfills.js:210:7
43 verbose stack     at FSReqWrap.oncomplete (fs.js:123:15)
44 verbose cwd /Users/brettmacdonald/Desktop/redAcademy/projects/pong-party
45 error Darwin 15.6.0
46 error argv "/usr/local/bin/node" "/usr/local/bin/npm" "install"
47 error node v6.4.0
48 error npm  v3.10.3
49 error No compatible version found: webpack-dev-server@2.1.0-beta.20
49 error Valid install targets:
49 error 2.1.0-beta.12, 2.1.0-beta.11, 2.1.0-beta.10, 2.1.0-beta.9, 2.1.0-beta.8, 2.1.0-beta.7, 2.1.0-beta.6, 2.1.0-beta.5, 2.1.0-beta.4, 2.1.0-beta.3, 2.1.0-beta.2, 2.1.0-beta.1, 2.1.0-beta.0, 2.0.0-beta, 1.16.2, 1.16.1, 1.16.0, 1.15.2, 1.15.1, 1.15.0, 1.14.1, 1.14.0, 1.13.0, 1.12.1, 1.12.0, 1.11.0, 1.10.1, 1.10.0, 1.9.0, 1.8.2, 1.8.1, 1.8.0, 1.7.0, 1.6.6, 1.6.5, 1.6.4, 1.6.3, 1.6.2, 1.6.1, 1.6.0, 1.5.0, 1.4.10, 1.4.9, 1.4.7, 1.4.6, 1.4.5, 1.4.4, 1.4.3, 1.4.2, 1.4.1, 1.4.0, 1.3.2, 1.3.1, 1.3.0, 1.2.9, 1.2.8, 1.2.7, 1.2.6, 1.2.5, 1.2.4, 1.2.3, 1.2.2, 1.2.1, 1.2.0, 1.1.0, 1.0.2, 1.0.1, 1.0.0, 0.11.1, 0.11.0, 0.10.1, 0.10.0, 0.9.4, 0.9.3, 0.9.2, 0.9.1, 0.9.0, 0.8.2, 0.8.1, 0.8.0, 0.7.2, 0.7.1, 0.7.0, 0.6.2, 0.6.1, 0.6.0
50 error If you need help, you may report this error at:
50 error     <https://github.com/npm/npm/issues>
51 verbose exit [ 1, true ]
